
Using username "equipe2:Routeur1.4".

Type the hot key to suspend the connection: <CTRL>Z

Router#show run
Building configuration...

Current configuration : 2453 bytes
!
! Last configuration change at 13:42:36 UTC Tue Jan 6 2026
!
version 15.7
service timestamps debug datetime msec
service timestamps log datetime msec
no service password-encryption
!
hostname Router
!
boot-start-marker
boot-end-marker
!
!
!
no aaa new-model
!
!
!
!
!
!         
!
!
!
!
!
!
!
!
!
!


!
ip vrf EQUIPE2-VRF
 rd 222:2
 route-target export 222:2
 route-target import 222:2
!
!
!
!
ip cef
ipv6 unicast-routing
ipv6 cef
!
multilink bundle-name authenticated
!
!
!
!
!
license udi pid CISCO2911/K9 sn FCZ175060UY
license accept end user agreement
license boot module c2900 technology-package datak9
!
!
!
redundancy
!
!
!
!
!
! 
!
!         
!
!
!
!
!
!
!
interface Loopback0
 ip address 3.3.3.3 255.255.255.255
!
interface Embedded-Service-Engine0/0
 no ip address
 shutdown
!
interface GigabitEthernet0/0
 ip vrf forwarding EQUIPE2-VRF
 ip address 172.16.100.21 255.255.255.252
 ip ospf 1 area 1
 duplex auto
 speed auto
 ipv6 address 2001:DB8:1:FF05::1/127
 ipv6 enable
 ipv6 ospf 14 area 0
!
interface GigabitEthernet0/1
 ip address 172.16.100.13 255.255.255.252
 duplex auto
 speed auto
 ipv6 address 2001:DB8:2:FF03::1/127
 ipv6 enable
 ipv6 ospf 14 area 0
!
interface GigabitEthernet0/2
 ip address 172.16.100.2 255.255.255.252
 duplex auto
 speed auto
 ipv6 address 2001:DB8:2:FF01::2/127
 ipv6 enable
 ipv6 ospf 14 area 0
!
interface Serial0/0/0
 no ip address
 shutdown
 clock rate 2000000
!
interface Serial0/0/1
 no ip address
 shutdown
 clock rate 2000000
!
!
router ospf 1 vrf EQUIPE2-VRF
 redistribute bgp 222 subnets
!
router ospf 2
 mpls ldp autoconfig
 router-id 3.3.3.3
 network 3.3.3.3 0.0.0.0 area 0
 network 172.16.100.0 0.0.0.3 area 0
 network 172.16.100.12 0.0.0.3 area 0
 network 172.16.100.20 0.0.0.3 area 1
!
router bgp 222
 bgp log-neighbor-changes
 neighbor 4.4.4.4 remote-as 222
 neighbor 4.4.4.4 update-source Loopback0
 !
 address-family vpnv4
  neighbor 4.4.4.4 activate
  neighbor 4.4.4.4 send-community extended
 exit-address-family
 !
 address-family ipv4 vrf EQUIPE2-VRF
  redistribute ospf 1
 exit-address-family
!
ip forward-protocol nd
!
no ip http server
no ip http secure-server
!
!
ipv6 router ospf 14
 router-id 3.3.3.3
!
ipv6 ioam timestamp
!
!
!
control-plane
!
!         
line con 0
line aux 0
line 2
 no activation-character
 no exec
 transport preferred none
 transport output lat pad telnet rlogin lapb-ta mop udptn v120 ssh
 stopbits 1
line vty 0 4
 login
 transport input none
!
scheduler allocate 20000 1000
!
end

Router#                                                                  