Using username "equipe2:Routeur1.5".

Type the hot key to suspend the connection: <CTRL>Z

Router>en
Router#show run
Building configuration...

Current configuration : 2413 bytes
!
! Last configuration change at 06:40:55 UTC Mon Jan 12 2026
!
version 15.7
service timestamps debug datetime msec
service timestamps log datetime msec
no service password-encryption
!
hostname Router
!
boot-start-marker
boot-end-marker
!
!
!
no aaa new-model
!
!
!
!
!
!         
!
!
!
!
!
!
!
!
!
!


!
ip vrf EQUIPE2-VRF
 rd 222:2
 route-target export 222:2
 route-target import 222:2
!
!
!
!
ip cef
ipv6 unicast-routing
ipv6 cef
!
multilink bundle-name authenticated
!
!
!
!
!
license udi pid CISCO2911/K9 sn FCZ175070H5
license boot module c2900 technology-package datak9
!
!
!
redundancy
!
!
!
!
!
! 
!
!
!         
!
!
!
!
!
!
interface Loopback0
 ip address 4.4.4.4 255.255.255.255
 ip ospf 2 area 0
!
interface Embedded-Service-Engine0/0
 no ip address
 shutdown
!
interface GigabitEthernet0/0
 ip vrf forwarding EQUIPE2-VRF
 ip address 172.16.100.17 255.255.255.252
 ip ospf 1 area 1
 duplex auto
 speed auto
 ipv6 address 2001:DB8:2:FF06::1/127
 ipv6 ospf 15 area 0
!         
interface GigabitEthernet0/1
 ip address 172.16.100.6 255.255.255.252
 duplex auto
 speed auto
 ipv6 address 2001:DB8:2:FF02::1/127
 ipv6 ospf 15 area 0
!
interface GigabitEthernet0/2
 ip address 172.16.100.1 255.255.255.252
 duplex auto
 speed auto
 ipv6 address 2001:DB8:2:FF01::1/127
 ipv6 ospf 15 area 0
!
interface Serial0/0/0
 no ip address
 shutdown
 clock rate 2000000
!
interface Serial0/0/1
 no ip address
 shutdown
 clock rate 2000000
!
!
router ospf 2
 mpls ldp autoconfig
 router-id 4.4.4.4
 network 4.4.4.4 0.0.0.0 area 0
 network 172.16.100.0 0.0.0.3 area 0
 network 172.16.100.4 0.0.0.3 area 0
 network 172.16.100.16 0.0.0.3 area 1
!
router ospf 1 vrf EQUIPE2-VRF
 redistribute bgp 222 subnets
!
router ospf 3
!
router bgp 222
 bgp log-neighbor-changes
 neighbor 3.3.3.3 remote-as 222
 neighbor 3.3.3.3 update-source Loopback0
 !
 address-family vpnv4
  neighbor 3.3.3.3 activate
  neighbor 3.3.3.3 send-community extended
 exit-address-family
 !
 address-family ipv4 vrf EQUIPE2-VRF
  redistribute ospf 1
 exit-address-family
!
ip forward-protocol nd
!
no ip http server
no ip http secure-server
!
!
ipv6 router ospf 15
 router-id 4.4.4.4
!
ipv6 ioam timestamp
!
!
!
control-plane
!
!
line con 0
line aux 0
line 2
 no activation-character
 no exec
 transport preferred none
 transport output lat pad telnet rlogin lapb-ta mop udptn v120 ssh
 stopbits 1
line vty 0 4
 login
 transport input none
!
scheduler allocate 20000 1000
!
end

Router#            